Started GET "/" for 127.0.0.1 at 2017-09-09 20:42:52 -0700
Processing by Rails::WelcomeController#index as HTML
  Rendering /Users/nupur/.rvm/gems/ruby-2.4.1@rails5.1/gems/railties-5.1.4/lib/rails/templates/rails/welcome/index.html.erb
  Rendered /Users/nupur/.rvm/gems/ruby-2.4.1@rails5.1/gems/railties-5.1.4/lib/rails/templates/rails/welcome/index.html.erb (3.3ms)
Completed 200 OK in 160ms (Views: 8.7ms)


  [1m[35m (0.1ms)[0m  [1m[34mSELECT sqlite_version(*)[0m
  [1m[35m (0.8ms)[0m  [1m[35mCREATE TABLE "schema_migrations" ("version" varchar NOT NULL PRIMARY KEY)[0m
  [1m[35m (0.9ms)[0m  [1m[35mCREATE TABLE "ar_internal_metadata" ("key" varchar NOT NULL PRIMARY KEY, "value" varchar, "created_at" datetime NOT NULL, "updated_at" datetime NOT NULL)[0m
  [1m[35m (0.2ms)[0m  [1m[34mSELECT "schema_migrations"."version" FROM "schema_migrations" ORDER BY "schema_migrations"."version" ASC[0m
Migrating to DeviseCreateUsers (20170911034858)
  [1m[35m (0.1ms)[0m  [1m[36mbegin transaction[0m
  [1m[35m (0.7ms)[0m  [1m[35mCREATE TABLE "users" ("id" INTEGER PRIMARY KEY AUTOINCREMENT NOT NULL, "email" varchar DEFAULT '' NOT NULL, "encrypted_password" varchar DEFAULT '' NOT NULL, "reset_password_token" varchar, "reset_password_sent_at" datetime, "remember_created_at" datetime, "sign_in_count" integer DEFAULT 0 NOT NULL, "current_sign_in_at" datetime, "last_sign_in_at" datetime, "current_sign_in_ip" varchar, "last_sign_in_ip" varchar, "created_at" datetime NOT NULL, "updated_at" datetime NOT NULL)[0m
  [1m[35m (0.1ms)[0m  [1m[35mCREATE UNIQUE INDEX "index_users_on_email" ON "users" ("email")[0m
  [1m[35m (0.1ms)[0m  [1m[34m            SELECT sql
            FROM sqlite_master
            WHERE name='index_users_on_email' AND type='index'
            UNION ALL
            SELECT sql
            FROM sqlite_temp_master
            WHERE name='index_users_on_email' AND type='index'
[0m
  [1m[35m (0.1ms)[0m  [1m[35mCREATE UNIQUE INDEX "index_users_on_reset_password_token" ON "users" ("reset_password_token")[0m
  [1m[35mSQL (0.2ms)[0m  [1m[32mINSERT INTO "schema_migrations" ("version") VALUES (?)[0m  [["version", "20170911034858"]]
  [1m[35m (0.6ms)[0m  [1m[36mcommit transaction[0m
  [1m[36mActiveRecord::InternalMetadata Load (0.1ms)[0m  [1m[34mSELECT  "ar_internal_metadata".* FROM "ar_internal_metadata" WHERE "ar_internal_metadata"."key" = ? LIMIT ?[0m  [["key", "environment"], ["LIMIT", 1]]
  [1m[35m (0.1ms)[0m  [1m[36mbegin transaction[0m
  [1m[35mSQL (0.3ms)[0m  [1m[32mINSERT INTO "ar_internal_metadata" ("key", "value", "created_at", "updated_at") VALUES (?, ?, ?, ?)[0m  [["key", "environment"], ["value", "development"], ["created_at", "2017-09-11 03:50:53.400486"], ["updated_at", "2017-09-11 03:50:53.400486"]]
  [1m[35m (0.7ms)[0m  [1m[36mcommit transaction[0m
  [1m[35m (0.1ms)[0m  [1m[34mSELECT "schema_migrations"."version" FROM "schema_migrations" ORDER BY "schema_migrations"."version" ASC[0m
  [1m[35m (0.1ms)[0m  [1m[34m            SELECT sql
            FROM sqlite_master
            WHERE name='index_users_on_reset_password_token' AND type='index'
            UNION ALL
            SELECT sql
            FROM sqlite_temp_master
            WHERE name='index_users_on_reset_password_token' AND type='index'
[0m
  [1m[35m (0.1ms)[0m  [1m[34m            SELECT sql
            FROM sqlite_master
            WHERE name='index_users_on_email' AND type='index'
            UNION ALL
            SELECT sql
            FROM sqlite_temp_master
            WHERE name='index_users_on_email' AND type='index'
[0m
Started GET "/" for 127.0.0.1 at 2017-09-10 20:51:21 -0700
  [1m[35m (0.4ms)[0m  [1m[34mSELECT "schema_migrations"."version" FROM "schema_migrations" ORDER BY "schema_migrations"."version" ASC[0m
Processing by Rails::WelcomeController#index as HTML
  Rendering /Users/nupur/.rvm/gems/ruby-2.4.1@rails5.1/gems/railties-5.1.4/lib/rails/templates/rails/welcome/index.html.erb
  Rendered /Users/nupur/.rvm/gems/ruby-2.4.1@rails5.1/gems/railties-5.1.4/lib/rails/templates/rails/welcome/index.html.erb (3.6ms)
Completed 200 OK in 23ms (Views: 9.8ms | ActiveRecord: 0.0ms)


Started GET "/users/sign_in" for 127.0.0.1 at 2017-09-10 20:51:38 -0700
Processing by Devise::SessionsController#new as HTML
  Rendering /Users/nupur/.rvm/gems/ruby-2.4.1@rails5.1/gems/devise-4.3.0/app/views/devise/sessions/new.html.erb within layouts/application
  Rendered /Users/nupur/.rvm/gems/ruby-2.4.1@rails5.1/gems/devise-4.3.0/app/views/devise/shared/_links.html.erb (1.7ms)
  Rendered /Users/nupur/.rvm/gems/ruby-2.4.1@rails5.1/gems/devise-4.3.0/app/views/devise/sessions/new.html.erb within layouts/application (29.7ms)
Completed 200 OK in 267ms (Views: 248.5ms | ActiveRecord: 0.5ms)


  [1m[35m (0.4ms)[0m  [1m[34mSELECT "schema_migrations"."version" FROM "schema_migrations" ORDER BY "schema_migrations"."version" ASC[0m
Migrating to CreatePosts (20170911040416)
  [1m[35m (0.0ms)[0m  [1m[36mbegin transaction[0m
  [1m[35m (0.1ms)[0m  [1m[34mSELECT sqlite_version(*)[0m
  [1m[35m (0.5ms)[0m  [1m[35mCREATE TABLE "posts" ("id" INTEGER PRIMARY KEY AUTOINCREMENT NOT NULL, "description" text, "created_at" datetime NOT NULL, "updated_at" datetime NOT NULL)[0m
  [1m[35mSQL (0.4ms)[0m  [1m[32mINSERT INTO "schema_migrations" ("version") VALUES (?)[0m  [["version", "20170911040416"]]
  [1m[35m (1.6ms)[0m  [1m[36mcommit transaction[0m
  [1m[36mActiveRecord::InternalMetadata Load (0.5ms)[0m  [1m[34mSELECT  "ar_internal_metadata".* FROM "ar_internal_metadata" WHERE "ar_internal_metadata"."key" = ? LIMIT ?[0m  [["key", "environment"], ["LIMIT", 1]]
  [1m[35m (0.1ms)[0m  [1m[36mbegin transaction[0m
  [1m[35m (0.0ms)[0m  [1m[36mcommit transaction[0m
  [1m[35m (0.1ms)[0m  [1m[34mSELECT "schema_migrations"."version" FROM "schema_migrations" ORDER BY "schema_migrations"."version" ASC[0m
  [1m[35m (0.1ms)[0m  [1m[34m            SELECT sql
            FROM sqlite_master
            WHERE name='index_users_on_reset_password_token' AND type='index'
            UNION ALL
            SELECT sql
            FROM sqlite_temp_master
            WHERE name='index_users_on_reset_password_token' AND type='index'
[0m
  [1m[35m (0.1ms)[0m  [1m[34m            SELECT sql
            FROM sqlite_master
            WHERE name='index_users_on_email' AND type='index'
            UNION ALL
            SELECT sql
            FROM sqlite_temp_master
            WHERE name='index_users_on_email' AND type='index'
[0m
Started GET "/users/sign_in" for 127.0.0.1 at 2017-09-10 21:06:57 -0700
  [1m[35m (0.4ms)[0m  [1m[34mSELECT "schema_migrations"."version" FROM "schema_migrations" ORDER BY "schema_migrations"."version" ASC[0m
Processing by Devise::SessionsController#new as HTML
  Rendering /Users/nupur/.rvm/gems/ruby-2.4.1@rails5.1/gems/devise-4.3.0/app/views/devise/sessions/new.html.erb within layouts/application
  Rendered /Users/nupur/.rvm/gems/ruby-2.4.1@rails5.1/gems/devise-4.3.0/app/views/devise/shared/_links.html.erb (2.0ms)
  Rendered /Users/nupur/.rvm/gems/ruby-2.4.1@rails5.1/gems/devise-4.3.0/app/views/devise/sessions/new.html.erb within layouts/application (44.1ms)
Started GET "/" for 127.0.0.1 at 2017-09-10 21:07:00 -0700
Completed 200 OK in 2820ms (Views: 2778.6ms | ActiveRecord: 0.8ms)


Processing by PostsController#index as HTML
  Rendering posts/index.html.erb within layouts/application
  Rendered posts/index.html.erb within layouts/application (0.4ms)
Completed 200 OK in 62ms (Views: 59.6ms | ActiveRecord: 0.0ms)


Started GET "/" for 127.0.0.1 at 2017-09-10 21:07:50 -0700
  [1m[35m (0.2ms)[0m  [1m[34mSELECT "schema_migrations"."version" FROM "schema_migrations" ORDER BY "schema_migrations"."version" ASC[0m
Processing by PostsController#index as HTML
  Rendering posts/index.html.erb within layouts/application
  Rendered posts/index.html.erb within layouts/application (1.0ms)
Completed 200 OK in 223ms (Views: 212.0ms | ActiveRecord: 0.0ms)


Started GET "/" for 127.0.0.1 at 2017-09-10 21:07:52 -0700
Processing by PostsController#index as HTML
  Rendering posts/index.html.erb within layouts/application
  Rendered posts/index.html.erb within layouts/application (0.3ms)
Completed 200 OK in 46ms (Views: 44.6ms | ActiveRecord: 0.0ms)


Started GET "/" for 127.0.0.1 at 2017-09-10 21:07:55 -0700
Processing by PostsController#index as HTML
  Rendering posts/index.html.erb within layouts/application
  Rendered posts/index.html.erb within layouts/application (0.3ms)
Completed 200 OK in 32ms (Views: 30.8ms | ActiveRecord: 0.0ms)


Started GET "/" for 127.0.0.1 at 2017-09-10 21:07:59 -0700
Processing by PostsController#index as HTML
  Rendering posts/index.html.erb within layouts/application
  Rendered posts/index.html.erb within layouts/application (0.3ms)
Completed 200 OK in 37ms (Views: 35.7ms | ActiveRecord: 0.0ms)


Started GET "/" for 127.0.0.1 at 2017-09-10 21:08:00 -0700
Processing by PostsController#index as HTML
  Rendering posts/index.html.erb within layouts/application
  Rendered posts/index.html.erb within layouts/application (0.3ms)
Completed 200 OK in 45ms (Views: 43.7ms | ActiveRecord: 0.0ms)


Started GET "/" for 127.0.0.1 at 2017-09-10 21:12:48 -0700
Processing by PostsController#index as HTML
  Rendering posts/index.html.erb within layouts/application
  Rendered posts/index.html.erb within layouts/application (0.5ms)
Completed 200 OK in 44ms (Views: 41.7ms | ActiveRecord: 0.0ms)


Started GET "/" for 127.0.0.1 at 2017-09-10 21:12:51 -0700
Processing by PostsController#index as HTML
  Rendering posts/index.html.erb within layouts/application
  Rendered posts/index.html.erb within layouts/application (0.3ms)
Completed 200 OK in 34ms (Views: 32.9ms | ActiveRecord: 0.0ms)


Started GET "/" for 127.0.0.1 at 2017-09-10 21:14:37 -0700
Processing by PostsController#index as HTML
  Rendering posts/index.html.erb within layouts/application
  Rendered posts/index.html.erb within layouts/application (0.4ms)
Completed 200 OK in 41ms (Views: 39.3ms | ActiveRecord: 0.0ms)


Started GET "/" for 127.0.0.1 at 2017-09-10 21:14:47 -0700
  [1m[35m (0.1ms)[0m  [1m[34mSELECT "schema_migrations"."version" FROM "schema_migrations" ORDER BY "schema_migrations"."version" ASC[0m
Processing by PostsController#index as HTML
  Rendering posts/index.html.erb within layouts/application
  Rendered posts/index.html.erb within layouts/application (1.8ms)
Completed 200 OK in 252ms (Views: 244.4ms | ActiveRecord: 0.0ms)


Started GET "/" for 127.0.0.1 at 2017-09-10 21:15:51 -0700
Processing by PostsController#index as HTML
  Rendering posts/index.html.erb within layouts/application
  Rendered posts/index.html.erb within layouts/application (0.3ms)
Completed 200 OK in 46ms (Views: 44.5ms | ActiveRecord: 0.0ms)


Started GET "/vendor/jquery/jquery.min.js" for 127.0.0.1 at 2017-09-10 21:15:51 -0700
  
ActionController::RoutingError (No route matches [GET] "/vendor/jquery/jquery.min.js"):
  
Started GET "/vendor/bootstrap/js/bootstrap.min.js" for 127.0.0.1 at 2017-09-10 21:15:51 -0700
actionpack (5.1.4) lib/action_dispatch/middleware/debug_exceptions.rb:63:in `call'
web-console (3.5.1) lib/web_console/middleware.rb:135:in `call_app'
web-console (3.5.1) lib/web_console/middleware.rb:28:in `block in call'
web-console (3.5.1) lib/web_console/middleware.rb:18:in `catch'
web-console (3.5.1) lib/web_console/middleware.rb:18:in `call'
actionpack (5.1.4) lib/action_dispatch/middleware/show_exceptions.rb:31:in `call'
railties (5.1.4) lib/rails/rack/logger.rb:36:in `call_app'
railties (5.1.4) lib/rails/rack/logger.rb:24:in `block in call'
activesupport (5.1.4) lib/active_support/tagged_logging.rb:69:in `block in tagged'
activesupport (5.1.4) lib/active_support/tagged_logging.rb:26:in `tagged'
activesupport (5.1.4) lib/active_support/tagged_logging.rb:69:in `tagged'
railties (5.1.4) lib/rails/rack/logger.rb:24:in `call'
sprockets-rails (3.2.1) lib/sprockets/rails/quiet_assets.rb:13:in `call'
actionpack (5.1.4) lib/action_dispatch/middleware/remote_ip.rb:79:in `call'
actionpack (5.1.4) lib/action_dispatch/middleware/request_id.rb:25:in `call'
rack (2.0.3) lib/rack/method_override.rb:22:in `call'
rack (2.0.3) lib/rack/runtime.rb:22:in `call'
activesupport (5.1.4) lib/active_support/cache/strategy/local_cache_middleware.rb:27:in `call'
actionpack (5.1.4) lib/action_dispatch/middleware/executor.rb:12:in `call'
actionpack (5.1.4) lib/action_dispatch/middleware/static.rb:125:in `call'
rack (2.0.3) lib/rack/sendfile.rb:111:in `call'
railties (5.1.4) lib/rails/engine.rb:522:in `call'
puma (3.10.0) lib/puma/configuration.rb:225:in `call'
puma (3.10.0) lib/puma/server.rb:605:in `handle_request'
puma (3.10.0) lib/puma/server.rb:437:in `process_client'
puma (3.10.0) lib/puma/server.rb:301:in `block in run'
puma (3.10.0) lib/puma/thread_pool.rb:120:in `block in spawn_thread'
Started GET "/vendor/popper/popper.min.js" for 127.0.0.1 at 2017-09-10 21:15:51 -0700
  
  
ActionController::RoutingError (No route matches [GET] "/vendor/bootstrap/js/bootstrap.min.js"):
ActionController::RoutingError (No route matches [GET] "/vendor/popper/popper.min.js"):
  
  
actionpack (5.1.4) lib/action_dispatch/middleware/debug_exceptions.rb:63:in `call'
web-console (3.5.1) lib/web_console/middleware.rb:135:in `call_app'
web-console (3.5.1) lib/web_console/middleware.rb:28:in `block in call'
web-console (3.5.1) lib/web_console/middleware.rb:18:in `catch'
web-console (3.5.1) lib/web_console/middleware.rb:18:in `call'
actionpack (5.1.4) lib/action_dispatch/middleware/show_exceptions.rb:31:in `call'
railties (5.1.4) lib/rails/rack/logger.rb:36:in `call_app'
railties (5.1.4) lib/rails/rack/logger.rb:24:in `block in call'
activesupport (5.1.4) lib/active_support/tagged_logging.rb:69:in `block in tagged'
activesupport (5.1.4) lib/active_support/tagged_logging.rb:26:in `tagged'
activesupport (5.1.4) lib/active_support/tagged_logging.rb:69:in `tagged'
railties (5.1.4) lib/rails/rack/logger.rb:24:in `call'
sprockets-rails (3.2.1) lib/sprockets/rails/quiet_assets.rb:13:in `call'
actionpack (5.1.4) lib/action_dispatch/middleware/remote_ip.rb:79:in `call'
actionpack (5.1.4) lib/action_dispatch/middleware/request_id.rb:25:in `call'
rack (2.0.3) lib/rack/method_override.rb:22:in `call'
rack (2.0.3) lib/rack/runtime.rb:22:in `call'
activesupport (5.1.4) lib/active_support/cache/strategy/local_cache_middleware.rb:27:in `call'
actionpack (5.1.4) lib/action_dispatch/middleware/executor.rb:12:in `call'
actionpack (5.1.4) lib/action_dispatch/middleware/static.rb:125:in `call'
rack (2.0.3) lib/rack/sendfile.rb:111:in `call'
railties (5.1.4) lib/rails/engine.rb:522:in `call'
puma (3.10.0) lib/puma/configuration.rb:225:in `call'
puma (3.10.0) lib/puma/server.rb:605:in `handle_request'
puma (3.10.0) lib/puma/server.rb:437:in `process_client'
puma (3.10.0) lib/puma/server.rb:301:in `block in run'
puma (3.10.0) lib/puma/thread_pool.rb:120:in `block in spawn_thread'
actionpack (5.1.4) lib/action_dispatch/middleware/debug_exceptions.rb:63:in `call'
web-console (3.5.1) lib/web_console/middleware.rb:135:in `call_app'
web-console (3.5.1) lib/web_console/middleware.rb:28:in `block in call'
web-console (3.5.1) lib/web_console/middleware.rb:18:in `catch'
web-console (3.5.1) lib/web_console/middleware.rb:18:in `call'
actionpack (5.1.4) lib/action_dispatch/middleware/show_exceptions.rb:31:in `call'
railties (5.1.4) lib/rails/rack/logger.rb:36:in `call_app'
railties (5.1.4) lib/rails/rack/logger.rb:24:in `block in call'
activesupport (5.1.4) lib/active_support/tagged_logging.rb:69:in `block in tagged'
activesupport (5.1.4) lib/active_support/tagged_logging.rb:26:in `tagged'
activesupport (5.1.4) lib/active_support/tagged_logging.rb:69:in `tagged'
railties (5.1.4) lib/rails/rack/logger.rb:24:in `call'
sprockets-rails (3.2.1) lib/sprockets/rails/quiet_assets.rb:13:in `call'
actionpack (5.1.4) lib/action_dispatch/middleware/remote_ip.rb:79:in `call'
actionpack (5.1.4) lib/action_dispatch/middleware/request_id.rb:25:in `call'
rack (2.0.3) lib/rack/method_override.rb:22:in `call'
rack (2.0.3) lib/rack/runtime.rb:22:in `call'
activesupport (5.1.4) lib/active_support/cache/strategy/local_cache_middleware.rb:27:in `call'
actionpack (5.1.4) lib/action_dispatch/middleware/executor.rb:12:in `call'
actionpack (5.1.4) lib/action_dispatch/middleware/static.rb:125:in `call'
rack (2.0.3) lib/rack/sendfile.rb:111:in `call'
railties (5.1.4) lib/rails/engine.rb:522:in `call'
puma (3.10.0) lib/puma/configuration.rb:225:in `call'
puma (3.10.0) lib/puma/server.rb:605:in `handle_request'
puma (3.10.0) lib/puma/server.rb:437:in `process_client'
puma (3.10.0) lib/puma/server.rb:301:in `block in run'
puma (3.10.0) lib/puma/thread_pool.rb:120:in `block in spawn_thread'
Started GET "/" for 127.0.0.1 at 2017-09-10 21:17:33 -0700
Processing by PostsController#index as HTML
  Rendering posts/index.html.erb within layouts/application
  Rendered posts/index.html.erb within layouts/application (0.3ms)
Completed 200 OK in 58ms (Views: 55.4ms | ActiveRecord: 0.0ms)


Started GET "/" for 127.0.0.1 at 2017-09-10 21:19:03 -0700
Processing by PostsController#index as HTML
  Rendering posts/index.html.erb within layouts/application
  Rendered posts/index.html.erb within layouts/application (1.0ms)
Completed 200 OK in 48ms (Views: 45.9ms | ActiveRecord: 0.0ms)


Started GET "/" for 127.0.0.1 at 2017-09-10 21:21:07 -0700
  [1m[35m (0.1ms)[0m  [1m[34mSELECT "schema_migrations"."version" FROM "schema_migrations" ORDER BY "schema_migrations"."version" ASC[0m
Processing by PostsController#index as HTML
  Rendering posts/index.html.erb within layouts/application
  Rendered posts/index.html.erb within layouts/application (1.2ms)
Completed 200 OK in 252ms (Views: 241.8ms | ActiveRecord: 0.0ms)


Started GET "/posts/new" for 127.0.0.1 at 2017-09-10 21:21:09 -0700
Processing by PostsController#new as HTML
  Rendering posts/new.html.erb within layouts/application
  Rendered posts/new.html.erb within layouts/application (0.3ms)
Completed 200 OK in 52ms (Views: 49.0ms | ActiveRecord: 0.0ms)


Started GET "/" for 127.0.0.1 at 2017-09-10 21:21:10 -0700
Processing by PostsController#index as HTML
  Rendering posts/index.html.erb within layouts/application
  Rendered posts/index.html.erb within layouts/application (0.3ms)
Completed 200 OK in 48ms (Views: 46.2ms | ActiveRecord: 0.0ms)


Started GET "/" for 127.0.0.1 at 2017-09-10 21:23:27 -0700
Processing by PostsController#index as HTML
  Rendering posts/index.html.erb within layouts/application
  Rendered posts/index.html.erb within layouts/application (0.3ms)
Completed 200 OK in 65ms (Views: 62.9ms | ActiveRecord: 0.0ms)


Started GET "/users/sign_in" for 127.0.0.1 at 2017-09-10 21:23:29 -0700
Processing by Devise::SessionsController#new as HTML
  Rendering /Users/nupur/.rvm/gems/ruby-2.4.1@rails5.1/gems/devise-4.3.0/app/views/devise/sessions/new.html.erb within layouts/application
  Rendered /Users/nupur/.rvm/gems/ruby-2.4.1@rails5.1/gems/devise-4.3.0/app/views/devise/shared/_links.html.erb (1.8ms)
  Rendered /Users/nupur/.rvm/gems/ruby-2.4.1@rails5.1/gems/devise-4.3.0/app/views/devise/sessions/new.html.erb within layouts/application (27.0ms)
Completed 200 OK in 97ms (Views: 80.4ms | ActiveRecord: 0.5ms)


Started GET "/users/sign_up" for 127.0.0.1 at 2017-09-10 21:23:30 -0700
Processing by Devise::RegistrationsController#new as HTML
  Rendering /Users/nupur/.rvm/gems/ruby-2.4.1@rails5.1/gems/devise-4.3.0/app/views/devise/registrations/new.html.erb within layouts/application
  Rendered /Users/nupur/.rvm/gems/ruby-2.4.1@rails5.1/gems/devise-4.3.0/app/views/devise/shared/_links.html.erb (0.8ms)
  Rendered /Users/nupur/.rvm/gems/ruby-2.4.1@rails5.1/gems/devise-4.3.0/app/views/devise/registrations/new.html.erb within layouts/application (4.8ms)
Completed 200 OK in 48ms (Views: 47.0ms | ActiveRecord: 0.0ms)


Started GET "/users/sign_up" for 127.0.0.1 at 2017-09-10 21:26:30 -0700
Processing by Devise::RegistrationsController#new as HTML
  Rendering /Users/nupur/.rvm/gems/ruby-2.4.1@rails5.1/gems/devise-4.3.0/app/views/devise/registrations/new.html.erb within layouts/application
  Rendered /Users/nupur/.rvm/gems/ruby-2.4.1@rails5.1/gems/devise-4.3.0/app/views/devise/shared/_links.html.erb (0.8ms)
  Rendered /Users/nupur/.rvm/gems/ruby-2.4.1@rails5.1/gems/devise-4.3.0/app/views/devise/registrations/new.html.erb within layouts/application (12.2ms)
Completed 200 OK in 65ms (Views: 53.3ms | ActiveRecord: 0.8ms)


Started GET "/" for 127.0.0.1 at 2017-09-10 21:26:33 -0700
Processing by PostsController#index as HTML
  Rendering posts/index.html.erb within layouts/application
  Rendered posts/index.html.erb within layouts/application (0.3ms)
Completed 200 OK in 41ms (Views: 38.8ms | ActiveRecord: 0.0ms)


Started GET "/posts/new" for 127.0.0.1 at 2017-09-10 21:26:34 -0700
Processing by PostsController#new as HTML
  Rendering posts/new.html.erb within layouts/application
  Rendered posts/new.html.erb within layouts/application (0.9ms)
Completed 500 Internal Server Error in 14ms (ActiveRecord: 0.4ms)


  
SyntaxError (/Users/nupur/Documents/Harvey Mudd/Software Development/workspace/instagram_app/app/views/posts/new.html.erb:4: syntax error, unexpected keyword_do_block, expecting &. or :: or '[' or '.'
fer.append=( form for @post do |f| &>
                              ^
/Users/nupur/Documents/Harvey Mudd/Software Development/workspace/instagram_app/app/views/posts/new.html.erb:10: syntax error, unexpected keyword_end, expecting ')'
'.freeze; end ;
             ^
/Users/nupur/Documents/Harvey Mudd/Software Development/workspace/instagram_app/app/views/posts/new.html.erb:12: syntax error, unexpected keyword_ensure, expecting ')'
          ensure
                ^
/Users/nupur/Documents/Harvey Mudd/Software Development/workspace/instagram_app/app/views/posts/new.html.erb:14: syntax error, unexpected keyword_end, expecting ')'
          end
             ^):
  
app/views/posts/new.html.erb:4: syntax error, unexpected keyword_do_block, expecting &. or :: or '[' or '.'
app/views/posts/new.html.erb:10: syntax error, unexpected keyword_end, expecting ')'
app/views/posts/new.html.erb:12: syntax error, unexpected keyword_ensure, expecting ')'
app/views/posts/new.html.erb:14: syntax error, unexpected keyword_end, expecting ')'
Started GET "/posts/new" for 127.0.0.1 at 2017-09-10 21:27:23 -0700
Processing by PostsController#new as HTML
  Rendering posts/new.html.erb within layouts/application
  Rendered posts/new.html.erb within layouts/application (0.6ms)
Completed 500 Internal Server Error in 7ms (ActiveRecord: 0.0ms)


  
SyntaxError (/Users/nupur/Documents/Harvey Mudd/Software Development/workspace/instagram_app/app/views/posts/new.html.erb:4: syntax error, unexpected &
pend=( form_for @post do |f| &>
                              ^
/Users/nupur/Documents/Harvey Mudd/Software Development/workspace/instagram_app/app/views/posts/new.html.erb:12: syntax error, unexpected keyword_ensure, expecting ')'
          ensure
                ^
/Users/nupur/Documents/Harvey Mudd/Software Development/workspace/instagram_app/app/views/posts/new.html.erb:14: syntax error, unexpected keyword_end, expecting ')'
          end
             ^):
  
app/views/posts/new.html.erb:4: syntax error, unexpected &
app/views/posts/new.html.erb:12: syntax error, unexpected keyword_ensure, expecting ')'
app/views/posts/new.html.erb:14: syntax error, unexpected keyword_end, expecting ')'
Started GET "/posts/new" for 127.0.0.1 at 2017-09-10 21:27:52 -0700
Processing by PostsController#new as HTML
  Rendering posts/new.html.erb within layouts/application
  Rendered posts/new.html.erb within layouts/application (2.4ms)
Completed 200 OK in 45ms (Views: 43.0ms | ActiveRecord: 0.0ms)


Started GET "/users/sign_in" for 127.0.0.1 at 2017-09-10 21:33:07 -0700
Processing by Devise::SessionsController#new as HTML
  Rendering /Users/nupur/.rvm/gems/ruby-2.4.1@rails5.1/gems/devise-4.3.0/app/views/devise/sessions/new.html.erb within layouts/application
  Rendered /Users/nupur/.rvm/gems/ruby-2.4.1@rails5.1/gems/devise-4.3.0/app/views/devise/shared/_links.html.erb (0.9ms)
  Rendered /Users/nupur/.rvm/gems/ruby-2.4.1@rails5.1/gems/devise-4.3.0/app/views/devise/sessions/new.html.erb within layouts/application (5.3ms)
Completed 500 Internal Server Error in 15ms (ActiveRecord: 0.0ms)


  
SyntaxError (/Users/nupur/Documents/Harvey Mudd/Software Development/workspace/instagram_app/app/views/layouts/application.html.erb:31: syntax error, unexpected tSYMBEG, expecting keyword_do or '{' or '('
oy_user_session_path, method :delete );@output_buffer.safe_a
                              ^):
  
app/views/layouts/application.html.erb:31: syntax error, unexpected tSYMBEG, expecting keyword_do or '{' or '('
Started GET "/users/sign_in" for 127.0.0.1 at 2017-09-10 21:33:35 -0700
Processing by Devise::SessionsController#new as HTML
  Rendering /Users/nupur/.rvm/gems/ruby-2.4.1@rails5.1/gems/devise-4.3.0/app/views/devise/sessions/new.html.erb within layouts/application
  Rendered /Users/nupur/.rvm/gems/ruby-2.4.1@rails5.1/gems/devise-4.3.0/app/views/devise/shared/_links.html.erb (0.7ms)
  Rendered /Users/nupur/.rvm/gems/ruby-2.4.1@rails5.1/gems/devise-4.3.0/app/views/devise/sessions/new.html.erb within layouts/application (4.6ms)
Completed 200 OK in 54ms (Views: 53.4ms | ActiveRecord: 0.0ms)


Started POST "/users/sign_in" for 127.0.0.1 at 2017-09-10 21:33:52 -0700
Processing by Devise::SessionsController#create as HTML
  Parameters: {"utf8"=>"✓", "authenticity_token"=>"LJLMSucFeNic9+1hXe2vFrhQXQSdLJIMisUVP9Wh06naW1vss89mt52DeQJg/Oz25WM6nhx3MBwhQBkEx2qHXw==", "user"=>{"email"=>"a@a.c", "password"=>"[FILTERED]", "remember_me"=>"0"}, "commit"=>"Log in"}
  [1m[36mUser Load (0.3ms)[0m  [1m[34mSELECT  "users".* FROM "users" WHERE "users"."email" = ? ORDER BY "users"."id" ASC LIMIT ?[0m  [["email", "a@a.c"], ["LIMIT", 1]]
Completed 401 Unauthorized in 3ms (ActiveRecord: 0.3ms)


Processing by Devise::SessionsController#new as HTML
  Parameters: {"utf8"=>"✓", "authenticity_token"=>"LJLMSucFeNic9+1hXe2vFrhQXQSdLJIMisUVP9Wh06naW1vss89mt52DeQJg/Oz25WM6nhx3MBwhQBkEx2qHXw==", "user"=>{"email"=>"a@a.c", "password"=>"[FILTERED]", "remember_me"=>"0"}, "commit"=>"Log in"}
  Rendering /Users/nupur/.rvm/gems/ruby-2.4.1@rails5.1/gems/devise-4.3.0/app/views/devise/sessions/new.html.erb within layouts/application
  Rendered /Users/nupur/.rvm/gems/ruby-2.4.1@rails5.1/gems/devise-4.3.0/app/views/devise/shared/_links.html.erb (0.8ms)
  Rendered /Users/nupur/.rvm/gems/ruby-2.4.1@rails5.1/gems/devise-4.3.0/app/views/devise/sessions/new.html.erb within layouts/application (4.6ms)
Completed 200 OK in 190ms (Views: 52.9ms | ActiveRecord: 0.0ms)


Started POST "/users/sign_in" for 127.0.0.1 at 2017-09-10 21:34:02 -0700
Processing by Devise::SessionsController#create as HTML
  Parameters: {"utf8"=>"✓", "authenticity_token"=>"OGvYYMxTT3dTOroBLSQBlWY3kRL9LDpVy4GmC1iqzZjOok/GmJlRGFJOLmIQNUJ1OwT2iHx3mEVgBKowSmGZbg==", "user"=>{"email"=>"a@a.com", "password"=>"[FILTERED]", "remember_me"=>"0"}, "commit"=>"Log in"}
  [1m[36mUser Load (0.2ms)[0m  [1m[34mSELECT  "users".* FROM "users" WHERE "users"."email" = ? ORDER BY "users"."id" ASC LIMIT ?[0m  [["email", "a@a.com"], ["LIMIT", 1]]
Completed 401 Unauthorized in 2ms (ActiveRecord: 0.2ms)


Processing by Devise::SessionsController#new as HTML
  Parameters: {"utf8"=>"✓", "authenticity_token"=>"OGvYYMxTT3dTOroBLSQBlWY3kRL9LDpVy4GmC1iqzZjOok/GmJlRGFJOLmIQNUJ1OwT2iHx3mEVgBKowSmGZbg==", "user"=>{"email"=>"a@a.com", "password"=>"[FILTERED]", "remember_me"=>"0"}, "commit"=>"Log in"}
  Rendering /Users/nupur/.rvm/gems/ruby-2.4.1@rails5.1/gems/devise-4.3.0/app/views/devise/sessions/new.html.erb within layouts/application
  Rendered /Users/nupur/.rvm/gems/ruby-2.4.1@rails5.1/gems/devise-4.3.0/app/views/devise/shared/_links.html.erb (0.7ms)
  Rendered /Users/nupur/.rvm/gems/ruby-2.4.1@rails5.1/gems/devise-4.3.0/app/views/devise/sessions/new.html.erb within layouts/application (4.3ms)
Completed 200 OK in 167ms (Views: 39.1ms | ActiveRecord: 0.0ms)


Started GET "/users/sign_up" for 127.0.0.1 at 2017-09-10 21:34:07 -0700
Processing by Devise::RegistrationsController#new as HTML
  Rendering /Users/nupur/.rvm/gems/ruby-2.4.1@rails5.1/gems/devise-4.3.0/app/views/devise/registrations/new.html.erb within layouts/application
  Rendered /Users/nupur/.rvm/gems/ruby-2.4.1@rails5.1/gems/devise-4.3.0/app/views/devise/shared/_links.html.erb (0.9ms)
  Rendered /Users/nupur/.rvm/gems/ruby-2.4.1@rails5.1/gems/devise-4.3.0/app/views/devise/registrations/new.html.erb within layouts/application (5.6ms)
Completed 200 OK in 52ms (Views: 51.7ms | ActiveRecord: 0.0ms)


Started POST "/users" for 127.0.0.1 at 2017-09-10 21:34:16 -0700
Processing by Devise::RegistrationsController#create as HTML
  Parameters: {"utf8"=>"✓", "authenticity_token"=>"4I6h1xLNx8SmOe9UWWHA7QsLBqHrTpNqAqD/HwTmAeLa9ln5vi6bnnkPMmc0Vx+zsj7oreNac4GxN4xaL1Attw==", "user"=>{"email"=>"a@a.c", "password"=>"[FILTERED]", "password_confirmation"=>"[FILTERED]"}, "commit"=>"Sign up"}
  [1m[35m (0.1ms)[0m  [1m[36mbegin transaction[0m
  [1m[36mUser Exists (0.1ms)[0m  [1m[34mSELECT  1 AS one FROM "users" WHERE "users"."email" = ? LIMIT ?[0m  [["email", "a@a.c"], ["LIMIT", 1]]
  [1m[35m (0.0ms)[0m  [1m[31mrollback transaction[0m
  Rendering /Users/nupur/.rvm/gems/ruby-2.4.1@rails5.1/gems/devise-4.3.0/app/views/devise/registrations/new.html.erb within layouts/application
  Rendered /Users/nupur/.rvm/gems/ruby-2.4.1@rails5.1/gems/devise-4.3.0/app/views/devise/shared/_links.html.erb (0.7ms)
  Rendered /Users/nupur/.rvm/gems/ruby-2.4.1@rails5.1/gems/devise-4.3.0/app/views/devise/registrations/new.html.erb within layouts/application (4.8ms)
Completed 200 OK in 182ms (Views: 45.4ms | ActiveRecord: 0.3ms)


Started POST "/users" for 127.0.0.1 at 2017-09-10 21:34:24 -0700
Processing by Devise::RegistrationsController#create as HTML
  Parameters: {"utf8"=>"✓", "authenticity_token"=>"E9J1cQwLA/KfbJxpGYn+KH8H4SwuNGmz8R4LxZ7oaOTlG+LXWMEdnZ4YCAokmL3IIjSGtq9vy6Namwf+jCM8Eg==", "user"=>{"email"=>"a@a.c", "password"=>"[FILTERED]", "password_confirmation"=>"[FILTERED]"}, "commit"=>"Sign up"}
  [1m[35m (0.1ms)[0m  [1m[36mbegin transaction[0m
  [1m[36mUser Exists (0.1ms)[0m  [1m[34mSELECT  1 AS one FROM "users" WHERE "users"."email" = ? LIMIT ?[0m  [["email", "a@a.c"], ["LIMIT", 1]]
  [1m[35mSQL (2.8ms)[0m  [1m[32mINSERT INTO "users" ("email", "encrypted_password", "created_at", "updated_at") VALUES (?, ?, ?, ?)[0m  [["email", "a@a.c"], ["encrypted_password", "$2a$11$kaTFEakiK4svwXZeMPSvwuM3Wkl3/BDrFgPv.3UmUXblTZEApitpO"], ["created_at", "2017-09-11 04:34:24.873970"], ["updated_at", "2017-09-11 04:34:24.873970"]]
  [1m[35m (0.6ms)[0m  [1m[36mcommit transaction[0m
  [1m[35m (0.0ms)[0m  [1m[36mbegin transaction[0m
  [1m[35mSQL (0.3ms)[0m  [1m[33mUPDATE "users" SET "sign_in_count" = ?, "current_sign_in_at" = ?, "last_sign_in_at" = ?, "current_sign_in_ip" = ?, "last_sign_in_ip" = ?, "updated_at" = ? WHERE "users"."id" = ?[0m  [["sign_in_count", 1], ["current_sign_in_at", "2017-09-11 04:34:24.878997"], ["last_sign_in_at", "2017-09-11 04:34:24.878997"], ["current_sign_in_ip", "127.0.0.1"], ["last_sign_in_ip", "127.0.0.1"], ["updated_at", "2017-09-11 04:34:24.879458"], ["id", 1]]
  [1m[35m (0.5ms)[0m  [1m[36mcommit transaction[0m
Redirected to http://localhost:3000/
Completed 302 Found in 141ms (ActiveRecord: 4.4ms)


Started GET "/" for 127.0.0.1 at 2017-09-10 21:34:24 -0700
Processing by PostsController#index as HTML
  Rendering posts/index.html.erb within layouts/application
  Rendered posts/index.html.erb within layouts/application (0.3ms)
  [1m[36mUser Load (0.2ms)[0m  [1m[34mSELECT  "users".* FROM "users" WHERE "users"."id" = ? ORDER BY "users"."id" ASC LIMIT ?[0m  [["id", 1], ["LIMIT", 1]]
Completed 200 OK in 49ms (Views: 47.2ms | ActiveRecord: 0.2ms)


Started DELETE "/users/sign_out" for 127.0.0.1 at 2017-09-10 21:34:29 -0700
Processing by Devise::SessionsController#destroy as HTML
  Parameters: {"authenticity_token"=>"0z1Y9BPM85RI98SnKYZfOKP8kYMEeqD/6hLtny/KWKUl9M9SRwbt+0mDUMQUlxzY/s/2GYUhAu9Bl+GkPQEMUw=="}
  [1m[36mUser Load (0.2ms)[0m  [1m[34mSELECT  "users".* FROM "users" WHERE "users"."id" = ? ORDER BY "users"."id" ASC LIMIT ?[0m  [["id", 1], ["LIMIT", 1]]
  [1m[35m (0.1ms)[0m  [1m[36mbegin transaction[0m
  [1m[35m (0.1ms)[0m  [1m[36mcommit transaction[0m
Redirected to http://localhost:3000/
Completed 302 Found in 6ms (ActiveRecord: 0.3ms)


Started GET "/" for 127.0.0.1 at 2017-09-10 21:34:29 -0700
Processing by PostsController#index as HTML
  Rendering posts/index.html.erb within layouts/application
  Rendered posts/index.html.erb within layouts/application (0.3ms)
Completed 200 OK in 35ms (Views: 33.5ms | ActiveRecord: 0.0ms)


Started GET "/" for 127.0.0.1 at 2017-09-10 21:35:56 -0700
Processing by PostsController#index as HTML
  Rendering posts/index.html.erb within layouts/application
  Rendered posts/index.html.erb within layouts/application (0.3ms)
Completed 200 OK in 37ms (Views: 35.7ms | ActiveRecord: 0.0ms)


Started GET "/users/sign_in" for 127.0.0.1 at 2017-09-10 21:35:57 -0700
Processing by Devise::SessionsController#new as HTML
  Rendering /Users/nupur/.rvm/gems/ruby-2.4.1@rails5.1/gems/devise-4.3.0/app/views/devise/sessions/new.html.erb within layouts/application
  Rendered /Users/nupur/.rvm/gems/ruby-2.4.1@rails5.1/gems/devise-4.3.0/app/views/devise/shared/_links.html.erb (1.2ms)
  Rendered /Users/nupur/.rvm/gems/ruby-2.4.1@rails5.1/gems/devise-4.3.0/app/views/devise/sessions/new.html.erb within layouts/application (8.5ms)
Completed 200 OK in 56ms (Views: 55.5ms | ActiveRecord: 0.0ms)


Started POST "/users/sign_in" for 127.0.0.1 at 2017-09-10 21:36:02 -0700
Processing by Devise::SessionsController#create as HTML
  Parameters: {"utf8"=>"✓", "authenticity_token"=>"AWe1z189H5XAIya1YfmlJQ7JeA3lLRbCvLQOm1WJ43Z2iinUzsbF3lKWbPY8lJ4E/tG5BNSNDPoD4urvqkBUpw==", "user"=>{"email"=>"a@a.c", "password"=>"[FILTERED]", "remember_me"=>"0"}, "commit"=>"Log in"}
  [1m[36mUser Load (0.2ms)[0m  [1m[34mSELECT  "users".* FROM "users" WHERE "users"."email" = ? ORDER BY "users"."id" ASC LIMIT ?[0m  [["email", "a@a.c"], ["LIMIT", 1]]
  [1m[35m (0.1ms)[0m  [1m[36mbegin transaction[0m
  [1m[35mSQL (0.3ms)[0m  [1m[33mUPDATE "users" SET "current_sign_in_at" = ?, "sign_in_count" = ?, "updated_at" = ? WHERE "users"."id" = ?[0m  [["current_sign_in_at", "2017-09-11 04:36:03.102625"], ["sign_in_count", 2], ["updated_at", "2017-09-11 04:36:03.103234"], ["id", 1]]
  [1m[35m (2.1ms)[0m  [1m[36mcommit transaction[0m
Redirected to http://localhost:3000/
Completed 302 Found in 147ms (ActiveRecord: 2.6ms)


Started GET "/" for 127.0.0.1 at 2017-09-10 21:36:03 -0700
Processing by PostsController#index as HTML
  Rendering posts/index.html.erb within layouts/application
  Rendered posts/index.html.erb within layouts/application (0.3ms)
  [1m[36mUser Load (0.2ms)[0m  [1m[34mSELECT  "users".* FROM "users" WHERE "users"."id" = ? ORDER BY "users"."id" ASC LIMIT ?[0m  [["id", 1], ["LIMIT", 1]]
Completed 200 OK in 38ms (Views: 36.0ms | ActiveRecord: 0.2ms)


Started DELETE "/users/sign_out" for 127.0.0.1 at 2017-09-10 21:36:07 -0700
Processing by Devise::SessionsController#destroy as HTML
  Parameters: {"authenticity_token"=>"yNlxPGwbwVMxS6Pbh2ADAkCLlsCPogataX0vNispXe5KBXUAgd00kP8/0kkVdDbXaCgPCwQRi9LTtcPNqEAoSQ=="}
  [1m[36mUser Load (0.2ms)[0m  [1m[34mSELECT  "users".* FROM "users" WHERE "users"."id" = ? ORDER BY "users"."id" ASC LIMIT ?[0m  [["id", 1], ["LIMIT", 1]]
  [1m[35m (0.0ms)[0m  [1m[36mbegin transaction[0m
  [1m[35m (0.0ms)[0m  [1m[36mcommit transaction[0m
Redirected to http://localhost:3000/
Completed 302 Found in 3ms (ActiveRecord: 0.2ms)


Started GET "/" for 127.0.0.1 at 2017-09-10 21:36:07 -0700
Processing by PostsController#index as HTML
  Rendering posts/index.html.erb within layouts/application
  Rendered posts/index.html.erb within layouts/application (0.3ms)
Completed 200 OK in 44ms (Views: 42.6ms | ActiveRecord: 0.0ms)


Started GET "/users/sign_in" for 127.0.0.1 at 2017-09-10 21:36:44 -0700
Processing by Devise::SessionsController#new as HTML
  Rendering /Users/nupur/.rvm/gems/ruby-2.4.1@rails5.1/gems/devise-4.3.0/app/views/devise/sessions/new.html.erb within layouts/application
  Rendered /Users/nupur/.rvm/gems/ruby-2.4.1@rails5.1/gems/devise-4.3.0/app/views/devise/shared/_links.html.erb (0.7ms)
  Rendered /Users/nupur/.rvm/gems/ruby-2.4.1@rails5.1/gems/devise-4.3.0/app/views/devise/sessions/new.html.erb within layouts/application (5.4ms)
Completed 200 OK in 46ms (Views: 44.8ms | ActiveRecord: 0.0ms)


Started POST "/users/sign_in" for 127.0.0.1 at 2017-09-10 21:36:46 -0700
Processing by Devise::SessionsController#create as HTML
  Parameters: {"utf8"=>"✓", "authenticity_token"=>"k+nksOeBryg5PrZ0WqHPcxA1s8FOmfxf3wKuDDdxKnxWTEdwh1gUeExBqJPyOgkc+sM2RjfwYndWJH+pPsewvA==", "user"=>{"email"=>"a@a.c", "password"=>"[FILTERED]", "remember_me"=>"0"}, "commit"=>"Log in"}
  [1m[36mUser Load (0.2ms)[0m  [1m[34mSELECT  "users".* FROM "users" WHERE "users"."email" = ? ORDER BY "users"."id" ASC LIMIT ?[0m  [["email", "a@a.c"], ["LIMIT", 1]]
  [1m[35m (0.1ms)[0m  [1m[36mbegin transaction[0m
  [1m[35mSQL (0.3ms)[0m  [1m[33mUPDATE "users" SET "current_sign_in_at" = ?, "last_sign_in_at" = ?, "sign_in_count" = ?, "updated_at" = ? WHERE "users"."id" = ?[0m  [["current_sign_in_at", "2017-09-11 04:36:47.050444"], ["last_sign_in_at", "2017-09-11 04:36:03.102625"], ["sign_in_count", 3], ["updated_at", "2017-09-11 04:36:47.051064"], ["id", 1]]
  [1m[35m (2.5ms)[0m  [1m[36mcommit transaction[0m
Redirected to http://localhost:3000/
Completed 302 Found in 142ms (ActiveRecord: 3.1ms)


Started GET "/" for 127.0.0.1 at 2017-09-10 21:36:47 -0700
Processing by PostsController#index as HTML
  Rendering posts/index.html.erb within layouts/application
  Rendered posts/index.html.erb within layouts/application (0.3ms)
  [1m[36mUser Load (0.2ms)[0m  [1m[34mSELECT  "users".* FROM "users" WHERE "users"."id" = ? ORDER BY "users"."id" ASC LIMIT ?[0m  [["id", 1], ["LIMIT", 1]]
Completed 200 OK in 44ms (Views: 42.1ms | ActiveRecord: 0.2ms)


Started DELETE "/users/sign_out" for 127.0.0.1 at 2017-09-10 21:36:49 -0700
Processing by Devise::SessionsController#destroy as HTML
  Parameters: {"authenticity_token"=>"Xro49ih8uhUaeMD+pb9GW2TN837CJR0JDeR5rt4zJ5qpblaL0dQzVukcpJr7sp7VgYkWretqY/SCHBa89NOicw=="}
  [1m[36mUser Load (0.2ms)[0m  [1m[34mSELECT  "users".* FROM "users" WHERE "users"."id" = ? ORDER BY "users"."id" ASC LIMIT ?[0m  [["id", 1], ["LIMIT", 1]]
  [1m[35m (0.0ms)[0m  [1m[36mbegin transaction[0m
  [1m[35m (0.0ms)[0m  [1m[36mcommit transaction[0m
Redirected to http://localhost:3000/
Completed 302 Found in 2ms (ActiveRecord: 0.2ms)


Started GET "/" for 127.0.0.1 at 2017-09-10 21:36:49 -0700
Processing by PostsController#index as HTML
  Rendering posts/index.html.erb within layouts/application
  Rendered posts/index.html.erb within layouts/application (0.3ms)
Completed 200 OK in 37ms (Views: 35.8ms | ActiveRecord: 0.0ms)


Started GET "/" for 127.0.0.1 at 2017-09-10 21:37:05 -0700
  [1m[35m (0.1ms)[0m  [1m[34mSELECT "schema_migrations"."version" FROM "schema_migrations" ORDER BY "schema_migrations"."version" ASC[0m
Processing by PostsController#index as HTML
  Rendering posts/index.html.erb within layouts/application
  Rendered posts/index.html.erb within layouts/application (1.1ms)
Completed 200 OK in 260ms (Views: 248.5ms | ActiveRecord: 0.0ms)


Started GET "/users/sign_in" for 127.0.0.1 at 2017-09-10 21:37:07 -0700
Processing by Devise::SessionsController#new as HTML
  Rendering /Users/nupur/.rvm/gems/ruby-2.4.1@rails5.1/gems/devise-4.3.0/app/views/devise/sessions/new.html.erb within layouts/application
  Rendered /Users/nupur/.rvm/gems/ruby-2.4.1@rails5.1/gems/devise-4.3.0/app/views/devise/shared/_links.html.erb (1.0ms)
  Rendered /Users/nupur/.rvm/gems/ruby-2.4.1@rails5.1/gems/devise-4.3.0/app/views/devise/sessions/new.html.erb within layouts/application (33.3ms)
Completed 200 OK in 83ms (Views: 70.5ms | ActiveRecord: 0.6ms)


Started POST "/users/sign_in" for 127.0.0.1 at 2017-09-10 21:37:10 -0700
Processing by Devise::SessionsController#create as HTML
  Parameters: {"utf8"=>"✓", "authenticity_token"=>"3Vcip0AwoJW2nxtSn0QQO+5SQFKNEYIQs1Mm9BTs9xdkXpYlAVkt6XiRTJSnwFLyYT1X6jmZ+6BhsLXScylgUQ==", "user"=>{"email"=>"a@a.c", "password"=>"[FILTERED]", "remember_me"=>"0"}, "commit"=>"Log in"}
  [1m[36mUser Load (0.2ms)[0m  [1m[34mSELECT  "users".* FROM "users" WHERE "users"."email" = ? ORDER BY "users"."id" ASC LIMIT ?[0m  [["email", "a@a.c"], ["LIMIT", 1]]
  [1m[35m (0.1ms)[0m  [1m[36mbegin transaction[0m
  [1m[35mSQL (0.3ms)[0m  [1m[33mUPDATE "users" SET "current_sign_in_at" = ?, "last_sign_in_at" = ?, "sign_in_count" = ?, "updated_at" = ? WHERE "users"."id" = ?[0m  [["current_sign_in_at", "2017-09-11 04:37:10.411451"], ["last_sign_in_at", "2017-09-11 04:36:47.050444"], ["sign_in_count", 4], ["updated_at", "2017-09-11 04:37:10.412284"], ["id", 1]]
  [1m[35m (2.4ms)[0m  [1m[36mcommit transaction[0m
Redirected to http://localhost:3000/
Completed 302 Found in 152ms (ActiveRecord: 3.0ms)


Started GET "/" for 127.0.0.1 at 2017-09-10 21:37:10 -0700
Processing by PostsController#index as HTML
  Rendering posts/index.html.erb within layouts/application
  Rendered posts/index.html.erb within layouts/application (0.3ms)
  [1m[36mUser Load (0.2ms)[0m  [1m[34mSELECT  "users".* FROM "users" WHERE "users"."id" = ? ORDER BY "users"."id" ASC LIMIT ?[0m  [["id", 1], ["LIMIT", 1]]
Completed 200 OK in 39ms (Views: 37.2ms | ActiveRecord: 0.2ms)


Started GET "/posts/new" for 127.0.0.1 at 2017-09-10 21:37:16 -0700
Processing by PostsController#new as HTML
  Rendering posts/new.html.erb within layouts/application
  Rendered posts/new.html.erb within layouts/application (2.4ms)
  [1m[36mUser Load (0.2ms)[0m  [1m[34mSELECT  "users".* FROM "users" WHERE "users"."id" = ? ORDER BY "users"."id" ASC LIMIT ?[0m  [["id", 1], ["LIMIT", 1]]
Completed 200 OK in 59ms (Views: 49.8ms | ActiveRecord: 0.7ms)


Started DELETE "/users/sign_out" for 127.0.0.1 at 2017-09-10 21:37:17 -0700
Processing by Devise::SessionsController#destroy as HTML
  Parameters: {"authenticity_token"=>"w3oENRDj+K541/cXQbTFV524G+1e1LwhbxeLSiB5ZlfOkusozWa9Muy2bC8mLZCwAVoE21V8CaKWXZIH0pCjVw=="}
  [1m[36mUser Load (0.2ms)[0m  [1m[34mSELECT  "users".* FROM "users" WHERE "users"."id" = ? ORDER BY "users"."id" ASC LIMIT ?[0m  [["id", 1], ["LIMIT", 1]]
  [1m[35m (0.0ms)[0m  [1m[36mbegin transaction[0m
  [1m[35m (0.0ms)[0m  [1m[36mcommit transaction[0m
Redirected to http://localhost:3000/
Completed 302 Found in 4ms (ActiveRecord: 0.2ms)


Started GET "/" for 127.0.0.1 at 2017-09-10 21:37:17 -0700
Processing by PostsController#index as HTML
  Rendering posts/index.html.erb within layouts/application
  Rendered posts/index.html.erb within layouts/application (0.3ms)
Completed 200 OK in 37ms (Views: 35.1ms | ActiveRecord: 0.0ms)


Started GET "/" for 127.0.0.1 at 2017-09-10 21:39:22 -0700
Processing by PostsController#index as HTML
  Rendering posts/index.html.erb within layouts/application
  Rendered posts/index.html.erb within layouts/application (0.3ms)
Completed 200 OK in 48ms (Views: 45.6ms | ActiveRecord: 0.0ms)


Started GET "/users/sign_in" for 127.0.0.1 at 2017-09-10 21:39:23 -0700
Processing by Devise::SessionsController#new as HTML
  Rendering /Users/nupur/.rvm/gems/ruby-2.4.1@rails5.1/gems/devise-4.3.0/app/views/devise/sessions/new.html.erb within layouts/application
  Rendered /Users/nupur/.rvm/gems/ruby-2.4.1@rails5.1/gems/devise-4.3.0/app/views/devise/shared/_links.html.erb (1.0ms)
  Rendered /Users/nupur/.rvm/gems/ruby-2.4.1@rails5.1/gems/devise-4.3.0/app/views/devise/sessions/new.html.erb within layouts/application (5.8ms)
Completed 200 OK in 54ms (Views: 52.9ms | ActiveRecord: 0.0ms)


Started POST "/users/sign_in" for 127.0.0.1 at 2017-09-10 21:39:25 -0700
Processing by Devise::SessionsController#create as HTML
  Parameters: {"utf8"=>"✓", "authenticity_token"=>"V6ZV+RJBFp0k/0iZa1LJMyToGZwLWVSVEdEpw4YTpyeXB6U7cgk+BvP4T0Qg+LBsxYClxDrQ6i2J4Uj4iJx0xw==", "user"=>{"email"=>"a@a.c", "password"=>"[FILTERED]", "remember_me"=>"0"}, "commit"=>"Log in"}
  [1m[36mUser Load (0.2ms)[0m  [1m[34mSELECT  "users".* FROM "users" WHERE "users"."email" = ? ORDER BY "users"."id" ASC LIMIT ?[0m  [["email", "a@a.c"], ["LIMIT", 1]]
  [1m[35m (0.1ms)[0m  [1m[36mbegin transaction[0m
  [1m[35mSQL (0.3ms)[0m  [1m[33mUPDATE "users" SET "current_sign_in_at" = ?, "last_sign_in_at" = ?, "sign_in_count" = ?, "updated_at" = ? WHERE "users"."id" = ?[0m  [["current_sign_in_at", "2017-09-11 04:39:25.299837"], ["last_sign_in_at", "2017-09-11 04:37:10.411451"], ["sign_in_count", 5], ["updated_at", "2017-09-11 04:39:25.300443"], ["id", 1]]
  [1m[35m (2.6ms)[0m  [1m[36mcommit transaction[0m
Redirected to http://localhost:3000/
Completed 302 Found in 137ms (ActiveRecord: 3.1ms)


Started GET "/" for 127.0.0.1 at 2017-09-10 21:39:25 -0700
Processing by PostsController#index as HTML
  Rendering posts/index.html.erb within layouts/application
  Rendered posts/index.html.erb within layouts/application (0.3ms)
  [1m[36mUser Load (0.2ms)[0m  [1m[34mSELECT  "users".* FROM "users" WHERE "users"."id" = ? ORDER BY "users"."id" ASC LIMIT ?[0m  [["id", 1], ["LIMIT", 1]]
Completed 200 OK in 38ms (Views: 36.8ms | ActiveRecord: 0.2ms)


Started DELETE "/users/sign_out" for 127.0.0.1 at 2017-09-10 21:39:28 -0700
Processing by Devise::SessionsController#destroy as HTML
  Parameters: {"authenticity_token"=>"UlkBHQRJ56N8I704uJR/+cd7RV4f6PIyYcFs+V1BVPvKaaob1JTpT9T+KTmnzWrhoHpZ3dOxK1Vx7uSfMY4YVw=="}
  [1m[36mUser Load (0.2ms)[0m  [1m[34mSELECT  "users".* FROM "users" WHERE "users"."id" = ? ORDER BY "users"."id" ASC LIMIT ?[0m  [["id", 1], ["LIMIT", 1]]
  [1m[35m (0.0ms)[0m  [1m[36mbegin transaction[0m
  [1m[35m (0.0ms)[0m  [1m[36mcommit transaction[0m
Redirected to http://localhost:3000/
Completed 302 Found in 3ms (ActiveRecord: 0.2ms)


Started GET "/" for 127.0.0.1 at 2017-09-10 21:39:28 -0700
Processing by PostsController#index as HTML
  Rendering posts/index.html.erb within layouts/application
  Rendered posts/index.html.erb within layouts/application (0.3ms)
Completed 200 OK in 44ms (Views: 42.7ms | ActiveRecord: 0.0ms)


Started GET "/users/sign_in" for 127.0.0.1 at 2017-09-10 21:39:29 -0700
Processing by Devise::SessionsController#new as HTML
  Rendering /Users/nupur/.rvm/gems/ruby-2.4.1@rails5.1/gems/devise-4.3.0/app/views/devise/sessions/new.html.erb within layouts/application
  Rendered /Users/nupur/.rvm/gems/ruby-2.4.1@rails5.1/gems/devise-4.3.0/app/views/devise/shared/_links.html.erb (0.9ms)
  Rendered /Users/nupur/.rvm/gems/ruby-2.4.1@rails5.1/gems/devise-4.3.0/app/views/devise/sessions/new.html.erb within layouts/application (5.1ms)
Completed 200 OK in 47ms (Views: 45.6ms | ActiveRecord: 0.0ms)


Started POST "/users/sign_in" for 127.0.0.1 at 2017-09-10 21:39:30 -0700
Processing by Devise::SessionsController#create as HTML
  Parameters: {"utf8"=>"✓", "authenticity_token"=>"e1DCimLdsAwNKOtHfcakyy3rkNj+Lc1z+iV1W7BG2omdlaRFOEU3qXx89mj5TloYSlyI8MuXZvDDkm6bWlXGmw==", "user"=>{"email"=>"a@a.c", "password"=>"[FILTERED]", "remember_me"=>"0"}, "commit"=>"Log in"}
  [1m[36mUser Load (0.2ms)[0m  [1m[34mSELECT  "users".* FROM "users" WHERE "users"."email" = ? ORDER BY "users"."id" ASC LIMIT ?[0m  [["email", "a@a.c"], ["LIMIT", 1]]
  [1m[35m (0.2ms)[0m  [1m[36mbegin transaction[0m
  [1m[35mSQL (0.3ms)[0m  [1m[33mUPDATE "users" SET "current_sign_in_at" = ?, "last_sign_in_at" = ?, "sign_in_count" = ?, "updated_at" = ? WHERE "users"."id" = ?[0m  [["current_sign_in_at", "2017-09-11 04:39:30.774149"], ["last_sign_in_at", "2017-09-11 04:39:25.299837"], ["sign_in_count", 6], ["updated_at", "2017-09-11 04:39:30.775041"], ["id", 1]]
  [1m[35m (0.5ms)[0m  [1m[36mcommit transaction[0m
Redirected to http://localhost:3000/
Completed 302 Found in 141ms (ActiveRecord: 1.1ms)


Started GET "/" for 127.0.0.1 at 2017-09-10 21:39:30 -0700
Processing by PostsController#index as HTML
  Rendering posts/index.html.erb within layouts/application
  Rendered posts/index.html.erb within layouts/application (0.3ms)
  [1m[36mUser Load (0.2ms)[0m  [1m[34mSELECT  "users".* FROM "users" WHERE "users"."id" = ? ORDER BY "users"."id" ASC LIMIT ?[0m  [["id", 1], ["LIMIT", 1]]
Completed 200 OK in 42ms (Views: 40.3ms | ActiveRecord: 0.2ms)


Started GET "/posts/new" for 127.0.0.1 at 2017-09-10 21:39:33 -0700
Processing by PostsController#new as HTML
  Rendering posts/new.html.erb within layouts/application
  Rendered posts/new.html.erb within layouts/application (1.3ms)
  [1m[36mUser Load (0.3ms)[0m  [1m[34mSELECT  "users".* FROM "users" WHERE "users"."id" = ? ORDER BY "users"."id" ASC LIMIT ?[0m  [["id", 1], ["LIMIT", 1]]
Completed 200 OK in 52ms (Views: 47.2ms | ActiveRecord: 0.3ms)


  [1m[35m (0.1ms)[0m  [1m[34mSELECT "schema_migrations"."version" FROM "schema_migrations" ORDER BY "schema_migrations"."version" ASC[0m
Migrating to AddAttachmentImageToPosts (20170911044114)
Started GET "/posts/new" for 127.0.0.1 at 2017-09-10 21:45:47 -0700
  [1m[35m (0.3ms)[0m  [1m[34mSELECT "schema_migrations"."version" FROM "schema_migrations" ORDER BY "schema_migrations"."version" ASC[0m
  
ActiveRecord::PendingMigrationError (

Migrations are pending. To resolve this issue, run:

        bin/rails db:migrate RAILS_ENV=development

):
  
activerecord (5.1.4) lib/active_record/migration.rb:576:in `check_pending!'
activerecord (5.1.4) lib/active_record/migration.rb:553:in `call'
actionpack (5.1.4) lib/action_dispatch/middleware/callbacks.rb:26:in `block in call'
activesupport (5.1.4) lib/active_support/callbacks.rb:97:in `run_callbacks'
actionpack (5.1.4) lib/action_dispatch/middleware/callbacks.rb:24:in `call'
actionpack (5.1.4) lib/action_dispatch/middleware/executor.rb:12:in `call'
actionpack (5.1.4) lib/action_dispatch/middleware/debug_exceptions.rb:59:in `call'
web-console (3.5.1) lib/web_console/middleware.rb:135:in `call_app'
web-console (3.5.1) lib/web_console/middleware.rb:28:in `block in call'
web-console (3.5.1) lib/web_console/middleware.rb:18:in `catch'
web-console (3.5.1) lib/web_console/middleware.rb:18:in `call'
actionpack (5.1.4) lib/action_dispatch/middleware/show_exceptions.rb:31:in `call'
railties (5.1.4) lib/rails/rack/logger.rb:36:in `call_app'
railties (5.1.4) lib/rails/rack/logger.rb:24:in `block in call'
activesupport (5.1.4) lib/active_support/tagged_logging.rb:69:in `block in tagged'
activesupport (5.1.4) lib/active_support/tagged_logging.rb:26:in `tagged'
activesupport (5.1.4) lib/active_support/tagged_logging.rb:69:in `tagged'
railties (5.1.4) lib/rails/rack/logger.rb:24:in `call'
sprockets-rails (3.2.1) lib/sprockets/rails/quiet_assets.rb:13:in `call'
actionpack (5.1.4) lib/action_dispatch/middleware/remote_ip.rb:79:in `call'
actionpack (5.1.4) lib/action_dispatch/middleware/request_id.rb:25:in `call'
rack (2.0.3) lib/rack/method_override.rb:22:in `call'
rack (2.0.3) lib/rack/runtime.rb:22:in `call'
activesupport (5.1.4) lib/active_support/cache/strategy/local_cache_middleware.rb:27:in `call'
actionpack (5.1.4) lib/action_dispatch/middleware/executor.rb:12:in `call'
actionpack (5.1.4) lib/action_dispatch/middleware/static.rb:125:in `call'
rack (2.0.3) lib/rack/sendfile.rb:111:in `call'
railties (5.1.4) lib/rails/engine.rb:522:in `call'
puma (3.10.0) lib/puma/configuration.rb:225:in `call'
puma (3.10.0) lib/puma/server.rb:605:in `handle_request'
puma (3.10.0) lib/puma/server.rb:437:in `process_client'
puma (3.10.0) lib/puma/server.rb:301:in `block in run'
puma (3.10.0) lib/puma/thread_pool.rb:120:in `block in spawn_thread'
  [1m[35m (0.1ms)[0m  [1m[34mSELECT "schema_migrations"."version" FROM "schema_migrations" ORDER BY "schema_migrations"."version" ASC[0m
Migrating to AddAttachmentImageToPosts (20170911044114)
  [1m[35m (0.1ms)[0m  [1m[34mSELECT "schema_migrations"."version" FROM "schema_migrations" ORDER BY "schema_migrations"."version" ASC[0m
Migrating to AddAttachmentImageToPosts (20170911044114)
  [1m[35m (0.1ms)[0m  [1m[34mSELECT "schema_migrations"."version" FROM "schema_migrations" ORDER BY "schema_migrations"."version" ASC[0m
Migrating to AddAttachmentImageToPosts (20170911044114)
  [1m[35m (0.1ms)[0m  [1m[34mSELECT "schema_migrations"."version" FROM "schema_migrations" ORDER BY "schema_migrations"."version" ASC[0m
Migrating to AddAttachmentImageToPosts (20170911044114)
  [1m[35m (0.1ms)[0m  [1m[34mSELECT "schema_migrations"."version" FROM "schema_migrations" ORDER BY "schema_migrations"."version" ASC[0m
Migrating to AddAttachmentImageToPosts (20170911044114)
  [1m[35m (0.3ms)[0m  [1m[34mSELECT "schema_migrations"."version" FROM "schema_migrations" ORDER BY "schema_migrations"."version" ASC[0m
Migrating to AddAttachmentImageToPosts (20170911044114)
  [1m[35m (0.1ms)[0m  [1m[36mbegin transaction[0m
  [1m[35m (0.7ms)[0m  [1m[35mALTER TABLE "posts" ADD "image_file_name" varchar[0m
  [1m[35m (0.2ms)[0m  [1m[35mALTER TABLE "posts" ADD "image_content_type" varchar[0m
  [1m[35m (0.1ms)[0m  [1m[35mALTER TABLE "posts" ADD "image_file_size" integer[0m
  [1m[35m (0.1ms)[0m  [1m[35mALTER TABLE "posts" ADD "image_updated_at" datetime[0m
  [1m[35mSQL (0.4ms)[0m  [1m[32mINSERT INTO "schema_migrations" ("version") VALUES (?)[0m  [["version", "20170911044114"]]
  [1m[35m (0.6ms)[0m  [1m[36mcommit transaction[0m
  [1m[36mActiveRecord::InternalMetadata Load (0.5ms)[0m  [1m[34mSELECT  "ar_internal_metadata".* FROM "ar_internal_metadata" WHERE "ar_internal_metadata"."key" = ? LIMIT ?[0m  [["key", "environment"], ["LIMIT", 1]]
  [1m[35m (0.0ms)[0m  [1m[36mbegin transaction[0m
  [1m[35m (0.0ms)[0m  [1m[36mcommit transaction[0m
  [1m[35m (0.1ms)[0m  [1m[34mSELECT "schema_migrations"."version" FROM "schema_migrations" ORDER BY "schema_migrations"."version" ASC[0m
  [1m[35m (0.1ms)[0m  [1m[34m            SELECT sql
            FROM sqlite_master
            WHERE name='index_users_on_reset_password_token' AND type='index'
            UNION ALL
            SELECT sql
            FROM sqlite_temp_master
            WHERE name='index_users_on_reset_password_token' AND type='index'
[0m
  [1m[35m (0.1ms)[0m  [1m[34m            SELECT sql
            FROM sqlite_master
            WHERE name='index_users_on_email' AND type='index'
            UNION ALL
            SELECT sql
            FROM sqlite_temp_master
            WHERE name='index_users_on_email' AND type='index'
[0m
Started GET "/posts/new" for 127.0.0.1 at 2017-09-10 21:49:49 -0700
  [1m[35m (0.2ms)[0m  [1m[34mSELECT "schema_migrations"."version" FROM "schema_migrations" ORDER BY "schema_migrations"."version" ASC[0m
Processing by PostsController#new as HTML
  Rendering posts/new.html.erb within layouts/application
  Rendered posts/new.html.erb within layouts/application (15.6ms)
  [1m[36mUser Load (0.1ms)[0m  [1m[34mSELECT  "users".* FROM "users" WHERE "users"."id" = ? ORDER BY "users"."id" ASC LIMIT ?[0m  [["id", 1], ["LIMIT", 1]]
Completed 200 OK in 319ms (Views: 300.4ms | ActiveRecord: 1.1ms)


Started GET "/posts/new" for 127.0.0.1 at 2017-09-10 21:57:48 -0700
Processing by PostsController#new as HTML
  Rendering posts/new.html.erb within layouts/application
  Rendered posts/new.html.erb within layouts/application (2.4ms)
  [1m[36mUser Load (0.2ms)[0m  [1m[34mSELECT  "users".* FROM "users" WHERE "users"."id" = ? ORDER BY "users"."id" ASC LIMIT ?[0m  [["id", 1], ["LIMIT", 1]]
Completed 200 OK in 73ms (Views: 52.8ms | ActiveRecord: 4.0ms)


Started POST "/posts" for 127.0.0.1 at 2017-09-10 21:58:20 -0700
Processing by PostsController#create as HTML
  Parameters: {"utf8"=>"✓", "authenticity_token"=>"k9wRN7t/cFJ1dLk4xcA/XAMOndV01aT/VVwm9afMfLrZpXMxcyNtxuZ3+Wkjw6ec7RO7PmqSkRBuDZUZ96wS/g==", "post"=>{"image"=>#<ActionDispatch::Http::UploadedFile:0x007fd7a36630f0 @tempfile=#<Tempfile:/var/folders/c3/n5r7h27n54x83875c5959tjm0000gn/T/RackMultipart20170910-38744-uz5p9c.jpg>, @original_filename="shoreline.jpg", @content_type="image/jpeg", @headers="Content-Disposition: form-data; name=\"post[image]\"; filename=\"shoreline.jpg\"\r\nContent-Type: image/jpeg\r\n">, "description"=>"gdgfdg"}, "commit"=>"Create Post"}
Completed 500 Internal Server Error in 149ms (ActiveRecord: 0.0ms)


  
NameError (undefined local variable or method `description' for #<PostsController:0x007fd7a3663ac8>):
  
app/controllers/posts_controller.rb:25:in `permit_post'
app/controllers/posts_controller.rb:13:in `create'
Started GET "/posts" for 127.0.0.1 at 2017-09-10 21:59:22 -0700
Processing by PostsController#index as HTML
  Rendering posts/index.html.erb within layouts/application
  Rendered posts/index.html.erb within layouts/application (0.3ms)
  [1m[36mUser Load (0.2ms)[0m  [1m[34mSELECT  "users".* FROM "users" WHERE "users"."id" = ? ORDER BY "users"."id" ASC LIMIT ?[0m  [["id", 1], ["LIMIT", 1]]
Completed 200 OK in 88ms (Views: 86.2ms | ActiveRecord: 1.3ms)


Started GET "/posts/new" for 127.0.0.1 at 2017-09-10 21:59:24 -0700
Processing by PostsController#new as HTML
  Rendering posts/new.html.erb within layouts/application
  Rendered posts/new.html.erb within layouts/application (1.8ms)
  [1m[36mUser Load (0.2ms)[0m  [1m[34mSELECT  "users".* FROM "users" WHERE "users"."id" = ? ORDER BY "users"."id" ASC LIMIT ?[0m  [["id", 1], ["LIMIT", 1]]
Completed 200 OK in 61ms (Views: 48.1ms | ActiveRecord: 0.8ms)


Started POST "/posts" for 127.0.0.1 at 2017-09-10 21:59:31 -0700
Processing by PostsController#create as HTML
  Parameters: {"utf8"=>"✓", "authenticity_token"=>"9zVGge2/V1ML4yuoG9Uq5BlyjkehxouCppx+KNOcQj9mqnf5X7sZexPyCY1OrNLRI2hOItQTFH0NkMsrm2aHig==", "post"=>{"image"=>#<ActionDispatch::Http::UploadedFile:0x007fd79d641690 @tempfile=#<Tempfile:/var/folders/c3/n5r7h27n54x83875c5959tjm0000gn/T/RackMultipart20170910-38744-61d2ia.JPG>, @original_filename="IMG_6281.JPG", @content_type="image/jpeg", @headers="Content-Disposition: form-data; name=\"post[image]\"; filename=\"IMG_6281.JPG\"\r\nContent-Type: image/jpeg\r\n">, "description"=>"fgdfsgd"}, "commit"=>"Create Post"}
Command :: file -b --mime '/var/folders/c3/n5r7h27n54x83875c5959tjm0000gn/T/9844bd0a4a038f70ea351b4e54d0157c20170910-38744-1h5d5pq.JPG'
Command :: identify -format '%wx%h,%[exif:orientation]' '/var/folders/c3/n5r7h27n54x83875c5959tjm0000gn/T/9844bd0a4a038f70ea351b4e54d0157c20170910-38744-bfhwvf.JPG[0]' 2>/dev/null
Command :: identify -format %m '/var/folders/c3/n5r7h27n54x83875c5959tjm0000gn/T/9844bd0a4a038f70ea351b4e54d0157c20170910-38744-bfhwvf.JPG[0]'
Command :: convert '/var/folders/c3/n5r7h27n54x83875c5959tjm0000gn/T/9844bd0a4a038f70ea351b4e54d0157c20170910-38744-bfhwvf.JPG[0]' -auto-orient -resize "500x500>" '/var/folders/c3/n5r7h27n54x83875c5959tjm0000gn/T/c91c8c47c47fae6f07a802401a46025920170910-38744-zc12r5'
Command :: identify -format '%wx%h,%[exif:orientation]' '/var/folders/c3/n5r7h27n54x83875c5959tjm0000gn/T/9844bd0a4a038f70ea351b4e54d0157c20170910-38744-bfhwvf.JPG[0]' 2>/dev/null
Command :: identify -format %m '/var/folders/c3/n5r7h27n54x83875c5959tjm0000gn/T/9844bd0a4a038f70ea351b4e54d0157c20170910-38744-bfhwvf.JPG[0]'
Command :: convert '/var/folders/c3/n5r7h27n54x83875c5959tjm0000gn/T/9844bd0a4a038f70ea351b4e54d0157c20170910-38744-bfhwvf.JPG[0]' -auto-orient -resize "100x100>" '/var/folders/c3/n5r7h27n54x83875c5959tjm0000gn/T/c91c8c47c47fae6f07a802401a46025920170910-38744-hi75zq'
  [1m[35m (0.1ms)[0m  [1m[36mbegin transaction[0m
Command :: file -b --mime '/var/folders/c3/n5r7h27n54x83875c5959tjm0000gn/T/9844bd0a4a038f70ea351b4e54d0157c20170910-38744-l8b46g.JPG'
  [1m[35mSQL (0.8ms)[0m  [1m[32mINSERT INTO "posts" ("description", "created_at", "updated_at", "image_file_name", "image_content_type", "image_file_size", "image_updated_at") VALUES (?, ?, ?, ?, ?, ?, ?)[0m  [["description", "fgdfsgd"], ["created_at", "2017-09-11 04:59:33.084240"], ["updated_at", "2017-09-11 04:59:33.084240"], ["image_file_name", "IMG_6281.JPG"], ["image_content_type", "image/jpeg"], ["image_file_size", 4001099], ["image_updated_at", "2017-09-11 04:59:31.684797"]]
  [1m[35m (2.9ms)[0m  [1m[36mcommit transaction[0m
Redirected to http://localhost:3000/posts/1
Completed 302 Found in 1450ms (ActiveRecord: 3.8ms)


Started GET "/posts/1" for 127.0.0.1 at 2017-09-10 21:59:33 -0700
Processing by PostsController#show as HTML
  Parameters: {"id"=>"1"}
  Rendering posts/show.html.erb within layouts/application
  Rendered posts/show.html.erb within layouts/application (0.4ms)
  [1m[36mUser Load (0.2ms)[0m  [1m[34mSELECT  "users".* FROM "users" WHERE "users"."id" = ? ORDER BY "users"."id" ASC LIMIT ?[0m  [["id", 1], ["LIMIT", 1]]
Completed 200 OK in 58ms (Views: 55.5ms | ActiveRecord: 0.2ms)


Started GET "/posts/1" for 127.0.0.1 at 2017-09-10 22:01:41 -0700
Processing by PostsController#show as HTML
  Parameters: {"id"=>"1"}
  [1m[36mPost Load (0.2ms)[0m  [1m[34mSELECT  "posts".* FROM "posts" WHERE "posts"."id" = ? LIMIT ?[0m  [["id", 1], ["LIMIT", 1]]
  Rendering posts/show.html.erb within layouts/application
  Rendered posts/show.html.erb within layouts/application (5.3ms)
Completed 500 Internal Server Error in 46ms (ActiveRecord: 1.3ms)


  
ActionView::Template::Error (undefined method `url' for #<Post:0x007fd7a3679508>):
    1: <%= image_tag(@post.url(:medium)) %>
    2: <%= @post.description %>
  
app/views/posts/show.html.erb:1:in `_app_views_posts_show_html_erb___2350015028116137261_70282068082920'
Started GET "/posts/1" for 127.0.0.1 at 2017-09-10 22:02:30 -0700
Processing by PostsController#show as HTML
  Parameters: {"id"=>"1"}
  [1m[36mPost Load (0.1ms)[0m  [1m[34mSELECT  "posts".* FROM "posts" WHERE "posts"."id" = ? LIMIT ?[0m  [["id", 1], ["LIMIT", 1]]
  Rendering posts/show.html.erb within layouts/application
  Rendered posts/show.html.erb within layouts/application (1.0ms)
  [1m[36mUser Load (0.2ms)[0m  [1m[34mSELECT  "users".* FROM "users" WHERE "users"."id" = ? ORDER BY "users"."id" ASC LIMIT ?[0m  [["id", 1], ["LIMIT", 1]]
Completed 200 OK in 65ms (Views: 61.7ms | ActiveRecord: 0.8ms)


Started GET "/posts/1" for 127.0.0.1 at 2017-09-10 22:02:54 -0700
Processing by PostsController#show as HTML
  Parameters: {"id"=>"1"}
  [1m[36mPost Load (0.1ms)[0m  [1m[34mSELECT  "posts".* FROM "posts" WHERE "posts"."id" = ? LIMIT ?[0m  [["id", 1], ["LIMIT", 1]]
  Rendering posts/show.html.erb within layouts/application
  Rendered posts/show.html.erb within layouts/application (0.8ms)
  [1m[36mUser Load (0.3ms)[0m  [1m[34mSELECT  "users".* FROM "users" WHERE "users"."id" = ? ORDER BY "users"."id" ASC LIMIT ?[0m  [["id", 1], ["LIMIT", 1]]
Completed 200 OK in 54ms (Views: 51.3ms | ActiveRecord: 0.4ms)


Started GET "/posts/1" for 127.0.0.1 at 2017-09-10 22:05:58 -0700
Processing by PostsController#show as HTML
  Parameters: {"id"=>"1"}
  [1m[36mPost Load (0.1ms)[0m  [1m[34mSELECT  "posts".* FROM "posts" WHERE "posts"."id" = ? LIMIT ?[0m  [["id", 1], ["LIMIT", 1]]
  Rendering posts/show.html.erb within layouts/application
  Rendered posts/show.html.erb within layouts/application (0.7ms)
  [1m[36mUser Load (0.2ms)[0m  [1m[34mSELECT  "users".* FROM "users" WHERE "users"."id" = ? ORDER BY "users"."id" ASC LIMIT ?[0m  [["id", 1], ["LIMIT", 1]]
Completed 200 OK in 37ms (Views: 34.9ms | ActiveRecord: 0.3ms)


Started GET "/posts/1" for 127.0.0.1 at 2017-09-10 22:07:10 -0700
Processing by PostsController#show as HTML
  Parameters: {"id"=>"1"}
  [1m[36mPost Load (0.1ms)[0m  [1m[34mSELECT  "posts".* FROM "posts" WHERE "posts"."id" = ? LIMIT ?[0m  [["id", 1], ["LIMIT", 1]]
  Rendering posts/show.html.erb within layouts/application
  Rendered posts/show.html.erb within layouts/application (0.8ms)
  [1m[36mUser Load (0.2ms)[0m  [1m[34mSELECT  "users".* FROM "users" WHERE "users"."id" = ? ORDER BY "users"."id" ASC LIMIT ?[0m  [["id", 1], ["LIMIT", 1]]
Completed 200 OK in 38ms (Views: 35.8ms | ActiveRecord: 0.3ms)


Started GET "/posts/1" for 127.0.0.1 at 2017-09-10 22:07:14 -0700
Processing by PostsController#show as HTML
  Parameters: {"id"=>"1"}
  [1m[36mPost Load (0.1ms)[0m  [1m[34mSELECT  "posts".* FROM "posts" WHERE "posts"."id" = ? LIMIT ?[0m  [["id", 1], ["LIMIT", 1]]
  Rendering posts/show.html.erb within layouts/application
  Rendered posts/show.html.erb within layouts/application (0.7ms)
  [1m[36mUser Load (0.2ms)[0m  [1m[34mSELECT  "users".* FROM "users" WHERE "users"."id" = ? ORDER BY "users"."id" ASC LIMIT ?[0m  [["id", 1], ["LIMIT", 1]]
Completed 200 OK in 40ms (Views: 37.4ms | ActiveRecord: 0.3ms)


Started GET "/posts/1" for 127.0.0.1 at 2017-09-10 22:08:33 -0700
Processing by PostsController#show as HTML
  Parameters: {"id"=>"1"}
  [1m[36mPost Load (0.1ms)[0m  [1m[34mSELECT  "posts".* FROM "posts" WHERE "posts"."id" = ? LIMIT ?[0m  [["id", 1], ["LIMIT", 1]]
  Rendering posts/show.html.erb within layouts/application
  Rendered posts/show.html.erb within layouts/application (0.8ms)
  [1m[36mUser Load (0.1ms)[0m  [1m[34mSELECT  "users".* FROM "users" WHERE "users"."id" = ? ORDER BY "users"."id" ASC LIMIT ?[0m  [["id", 1], ["LIMIT", 1]]
Completed 200 OK in 58ms (Views: 46.8ms | ActiveRecord: 1.3ms)


Started GET "/posts/1" for 127.0.0.1 at 2017-09-10 22:08:39 -0700
Processing by PostsController#show as HTML
  Parameters: {"id"=>"1"}
  [1m[36mPost Load (0.1ms)[0m  [1m[34mSELECT  "posts".* FROM "posts" WHERE "posts"."id" = ? LIMIT ?[0m  [["id", 1], ["LIMIT", 1]]
  Rendering posts/show.html.erb within layouts/application
  Rendered posts/show.html.erb within layouts/application (0.7ms)
  [1m[36mUser Load (0.2ms)[0m  [1m[34mSELECT  "users".* FROM "users" WHERE "users"."id" = ? ORDER BY "users"."id" ASC LIMIT ?[0m  [["id", 1], ["LIMIT", 1]]
Completed 200 OK in 43ms (Views: 41.1ms | ActiveRecord: 0.3ms)


Started GET "/posts/1" for 127.0.0.1 at 2017-09-10 22:08:46 -0700
Processing by PostsController#show as HTML
  Parameters: {"id"=>"1"}
  [1m[36mPost Load (0.1ms)[0m  [1m[34mSELECT  "posts".* FROM "posts" WHERE "posts"."id" = ? LIMIT ?[0m  [["id", 1], ["LIMIT", 1]]
  Rendering posts/show.html.erb within layouts/application
  Rendered posts/show.html.erb within layouts/application (0.7ms)
  [1m[36mUser Load (0.3ms)[0m  [1m[34mSELECT  "users".* FROM "users" WHERE "users"."id" = ? ORDER BY "users"."id" ASC LIMIT ?[0m  [["id", 1], ["LIMIT", 1]]
Completed 200 OK in 41ms (Views: 38.4ms | ActiveRecord: 0.4ms)


Started GET "/posts/new" for 127.0.0.1 at 2017-09-10 22:11:12 -0700
Processing by PostsController#new as HTML
  Rendering posts/new.html.erb within layouts/application
  Rendered posts/new.html.erb within layouts/application (2.0ms)
  [1m[36mUser Load (0.1ms)[0m  [1m[34mSELECT  "users".* FROM "users" WHERE "users"."id" = ? ORDER BY "users"."id" ASC LIMIT ?[0m  [["id", 1], ["LIMIT", 1]]
Completed 200 OK in 66ms (Views: 48.3ms | ActiveRecord: 1.5ms)


Started POST "/posts" for 127.0.0.1 at 2017-09-10 22:11:24 -0700
Processing by PostsController#create as HTML
  Parameters: {"utf8"=>"✓", "authenticity_token"=>"YtGngkwLFM8CXU4W9/hHjHYnZIkx17z+Bp4ceNiO/BzzTpb6/g9a5xpMbDOigb+5TD2k7EQCIwGtkql7kHQ5qQ==", "post"=>{"image"=>#<ActionDispatch::Http::UploadedFile:0x007fd7a38c89d0 @tempfile=#<Tempfile:/var/folders/c3/n5r7h27n54x83875c5959tjm0000gn/T/RackMultipart20170910-38744-wuor3d.JPG>, @original_filename="IMG_6242.JPG", @content_type="image/jpeg", @headers="Content-Disposition: form-data; name=\"post[image]\"; filename=\"IMG_6242.JPG\"\r\nContent-Type: image/jpeg\r\n">, "description"=>"htrhrwthr"}, "commit"=>"Create Post"}
Command :: file -b --mime '/var/folders/c3/n5r7h27n54x83875c5959tjm0000gn/T/962709b15727cb1899abc7e85844e35620170910-38744-1i5438v.JPG'
Command :: identify -format '%wx%h,%[exif:orientation]' '/var/folders/c3/n5r7h27n54x83875c5959tjm0000gn/T/962709b15727cb1899abc7e85844e35620170910-38744-1qwztak.JPG[0]' 2>/dev/null
Command :: identify -format %m '/var/folders/c3/n5r7h27n54x83875c5959tjm0000gn/T/962709b15727cb1899abc7e85844e35620170910-38744-1qwztak.JPG[0]'
Command :: convert '/var/folders/c3/n5r7h27n54x83875c5959tjm0000gn/T/962709b15727cb1899abc7e85844e35620170910-38744-1qwztak.JPG[0]' -auto-orient -resize "500x500>" '/var/folders/c3/n5r7h27n54x83875c5959tjm0000gn/T/d422a0d0ab42bdb36ddb1e11d448543120170910-38744-7zcw3m'
Command :: identify -format '%wx%h,%[exif:orientation]' '/var/folders/c3/n5r7h27n54x83875c5959tjm0000gn/T/962709b15727cb1899abc7e85844e35620170910-38744-1qwztak.JPG[0]' 2>/dev/null
Command :: identify -format %m '/var/folders/c3/n5r7h27n54x83875c5959tjm0000gn/T/962709b15727cb1899abc7e85844e35620170910-38744-1qwztak.JPG[0]'
Command :: convert '/var/folders/c3/n5r7h27n54x83875c5959tjm0000gn/T/962709b15727cb1899abc7e85844e35620170910-38744-1qwztak.JPG[0]' -auto-orient -resize "100x100>" '/var/folders/c3/n5r7h27n54x83875c5959tjm0000gn/T/d422a0d0ab42bdb36ddb1e11d448543120170910-38744-1x7557x'
  [1m[35m (0.1ms)[0m  [1m[36mbegin transaction[0m
Command :: file -b --mime '/var/folders/c3/n5r7h27n54x83875c5959tjm0000gn/T/962709b15727cb1899abc7e85844e35620170910-38744-1du7zos.JPG'
  [1m[35mSQL (0.5ms)[0m  [1m[32mINSERT INTO "posts" ("description", "created_at", "updated_at", "image_file_name", "image_content_type", "image_file_size", "image_updated_at") VALUES (?, ?, ?, ?, ?, ?, ?)[0m  [["description", "htrhrwthr"], ["created_at", "2017-09-11 05:11:25.900404"], ["updated_at", "2017-09-11 05:11:25.900404"], ["image_file_name", "IMG_6242.JPG"], ["image_content_type", "image/jpeg"], ["image_file_size", 2898824], ["image_updated_at", "2017-09-11 05:11:24.577456"]]
  [1m[35m (0.9ms)[0m  [1m[36mcommit transaction[0m
Redirected to http://localhost:3000/posts/2
Completed 302 Found in 1353ms (ActiveRecord: 2.3ms)


Started GET "/posts/2" for 127.0.0.1 at 2017-09-10 22:11:25 -0700
Processing by PostsController#show as HTML
  Parameters: {"id"=>"2"}
  [1m[36mPost Load (0.2ms)[0m  [1m[34mSELECT  "posts".* FROM "posts" WHERE "posts"."id" = ? LIMIT ?[0m  [["id", 2], ["LIMIT", 1]]
  Rendering posts/show.html.erb within layouts/application
  Rendered posts/show.html.erb within layouts/application (0.9ms)
  [1m[36mUser Load (0.1ms)[0m  [1m[34mSELECT  "users".* FROM "users" WHERE "users"."id" = ? ORDER BY "users"."id" ASC LIMIT ?[0m  [["id", 1], ["LIMIT", 1]]
Completed 200 OK in 64ms (Views: 60.8ms | ActiveRecord: 0.9ms)


Started GET "/" for 127.0.0.1 at 2017-09-10 22:11:28 -0700
Processing by PostsController#index as HTML
  Rendering posts/index.html.erb within layouts/application
  [1m[36mPost Load (0.2ms)[0m  [1m[34mSELECT "posts".* FROM "posts"[0m
  Rendered posts/index.html.erb within layouts/application (1.8ms)
  [1m[36mUser Load (0.2ms)[0m  [1m[34mSELECT  "users".* FROM "users" WHERE "users"."id" = ? ORDER BY "users"."id" ASC LIMIT ?[0m  [["id", 1], ["LIMIT", 1]]
Completed 200 OK in 58ms (Views: 54.3ms | ActiveRecord: 0.4ms)


Started GET "/" for 127.0.0.1 at 2017-09-10 22:15:44 -0700
Processing by PostsController#index as HTML
  Rendering posts/index.html.erb within layouts/application
  [1m[36mPost Load (0.1ms)[0m  [1m[34mSELECT "posts".* FROM "posts"[0m
  Rendered posts/index.html.erb within layouts/application (1.5ms)
  [1m[36mUser Load (0.2ms)[0m  [1m[34mSELECT  "users".* FROM "users" WHERE "users"."id" = ? ORDER BY "users"."id" ASC LIMIT ?[0m  [["id", 1], ["LIMIT", 1]]
Completed 200 OK in 47ms (Views: 45.2ms | ActiveRecord: 0.4ms)


Started GET "/" for 127.0.0.1 at 2017-09-10 22:16:29 -0700
Processing by PostsController#index as HTML
  Rendering posts/index.html.erb within layouts/application
  [1m[36mPost Load (0.1ms)[0m  [1m[34mSELECT "posts".* FROM "posts"[0m
  Rendered posts/index.html.erb within layouts/application (1.6ms)
  [1m[36mUser Load (0.2ms)[0m  [1m[34mSELECT  "users".* FROM "users" WHERE "users"."id" = ? ORDER BY "users"."id" ASC LIMIT ?[0m  [["id", 1], ["LIMIT", 1]]
Completed 200 OK in 45ms (Views: 43.0ms | ActiveRecord: 0.3ms)


Started GET "/" for 127.0.0.1 at 2017-09-10 22:16:34 -0700
Processing by PostsController#index as HTML
  Rendering posts/index.html.erb within layouts/application
  [1m[36mPost Load (0.2ms)[0m  [1m[34mSELECT "posts".* FROM "posts"[0m
  Rendered posts/index.html.erb within layouts/application (1.9ms)
  [1m[36mUser Load (0.2ms)[0m  [1m[34mSELECT  "users".* FROM "users" WHERE "users"."id" = ? ORDER BY "users"."id" ASC LIMIT ?[0m  [["id", 1], ["LIMIT", 1]]
Completed 200 OK in 50ms (Views: 47.4ms | ActiveRecord: 0.3ms)


Started GET "/posts/new" for 127.0.0.1 at 2017-09-10 22:16:37 -0700
Processing by PostsController#new as HTML
  Rendering posts/new.html.erb within layouts/application
  Rendered posts/new.html.erb within layouts/application (2.2ms)
  [1m[36mUser Load (0.2ms)[0m  [1m[34mSELECT  "users".* FROM "users" WHERE "users"."id" = ? ORDER BY "users"."id" ASC LIMIT ?[0m  [["id", 1], ["LIMIT", 1]]
Completed 200 OK in 46ms (Views: 42.1ms | ActiveRecord: 0.2ms)


Started POST "/posts" for 127.0.0.1 at 2017-09-10 22:16:46 -0700
Processing by PostsController#create as HTML
  Parameters: {"utf8"=>"✓", "authenticity_token"=>"JF92yPd6U3IP/ax5yywdiQiv2Aa/TJgcO9kv9DiIiy21wEewRX4dWhfsjlyeVeW8MrUYY8qZB+OQ1Zr3cHJOmA==", "post"=>{"image"=>#<ActionDispatch::Http::UploadedFile:0x007fd7a353bb50 @tempfile=#<Tempfile:/var/folders/c3/n5r7h27n54x83875c5959tjm0000gn/T/RackMultipart20170910-38744-vtok6n.JPG>, @original_filename="IMG_6279.JPG", @content_type="image/jpeg", @headers="Content-Disposition: form-data; name=\"post[image]\"; filename=\"IMG_6279.JPG\"\r\nContent-Type: image/jpeg\r\n">, "description"=>"rghgrhegjkhegrjk"}, "commit"=>"Create Post"}
Command :: file -b --mime '/var/folders/c3/n5r7h27n54x83875c5959tjm0000gn/T/9bf1b69058a681d3978da0fd5ff3dffb20170910-38744-1nuqx19.JPG'
Command :: identify -format '%wx%h,%[exif:orientation]' '/var/folders/c3/n5r7h27n54x83875c5959tjm0000gn/T/9bf1b69058a681d3978da0fd5ff3dffb20170910-38744-l1gm5g.JPG[0]' 2>/dev/null
Command :: identify -format %m '/var/folders/c3/n5r7h27n54x83875c5959tjm0000gn/T/9bf1b69058a681d3978da0fd5ff3dffb20170910-38744-l1gm5g.JPG[0]'
Command :: convert '/var/folders/c3/n5r7h27n54x83875c5959tjm0000gn/T/9bf1b69058a681d3978da0fd5ff3dffb20170910-38744-l1gm5g.JPG[0]' -auto-orient -resize "500x500>" '/var/folders/c3/n5r7h27n54x83875c5959tjm0000gn/T/f78ca321b4968749d98da3a8d1970b9720170910-38744-e8ffgr'
Command :: identify -format '%wx%h,%[exif:orientation]' '/var/folders/c3/n5r7h27n54x83875c5959tjm0000gn/T/9bf1b69058a681d3978da0fd5ff3dffb20170910-38744-l1gm5g.JPG[0]' 2>/dev/null
Command :: identify -format %m '/var/folders/c3/n5r7h27n54x83875c5959tjm0000gn/T/9bf1b69058a681d3978da0fd5ff3dffb20170910-38744-l1gm5g.JPG[0]'
Command :: convert '/var/folders/c3/n5r7h27n54x83875c5959tjm0000gn/T/9bf1b69058a681d3978da0fd5ff3dffb20170910-38744-l1gm5g.JPG[0]' -auto-orient -resize "100x100>" '/var/folders/c3/n5r7h27n54x83875c5959tjm0000gn/T/f78ca321b4968749d98da3a8d1970b9720170910-38744-7ab2e2'
  [1m[35m (0.1ms)[0m  [1m[36mbegin transaction[0m
Command :: file -b --mime '/var/folders/c3/n5r7h27n54x83875c5959tjm0000gn/T/9bf1b69058a681d3978da0fd5ff3dffb20170910-38744-1xl6kw5.JPG'
  [1m[35mSQL (0.4ms)[0m  [1m[32mINSERT INTO "posts" ("description", "created_at", "updated_at", "image_file_name", "image_content_type", "image_file_size", "image_updated_at") VALUES (?, ?, ?, ?, ?, ?, ?)[0m  [["description", "rghgrhegjkhegrjk"], ["created_at", "2017-09-11 05:16:47.297511"], ["updated_at", "2017-09-11 05:16:47.297511"], ["image_file_name", "IMG_6279.JPG"], ["image_content_type", "image/jpeg"], ["image_file_size", 562278], ["image_updated_at", "2017-09-11 05:16:46.963999"]]
  [1m[35m (0.5ms)[0m  [1m[36mcommit transaction[0m
Redirected to http://localhost:3000/posts/3
Completed 302 Found in 355ms (ActiveRecord: 1.0ms)


Started GET "/posts/3" for 127.0.0.1 at 2017-09-10 22:16:47 -0700
Processing by PostsController#show as HTML
  Parameters: {"id"=>"3"}
  [1m[36mPost Load (2.2ms)[0m  [1m[34mSELECT  "posts".* FROM "posts" WHERE "posts"."id" = ? LIMIT ?[0m  [["id", 3], ["LIMIT", 1]]
  Rendering posts/show.html.erb within layouts/application
  Rendered posts/show.html.erb within layouts/application (1.0ms)
  [1m[36mUser Load (0.2ms)[0m  [1m[34mSELECT  "users".* FROM "users" WHERE "users"."id" = ? ORDER BY "users"."id" ASC LIMIT ?[0m  [["id", 1], ["LIMIT", 1]]
Completed 200 OK in 51ms (Views: 45.8ms | ActiveRecord: 2.3ms)


Started GET "/" for 127.0.0.1 at 2017-09-10 22:16:50 -0700
Processing by PostsController#index as HTML
  Rendering posts/index.html.erb within layouts/application
  [1m[36mPost Load (0.2ms)[0m  [1m[34mSELECT "posts".* FROM "posts"[0m
  Rendered posts/index.html.erb within layouts/application (2.6ms)
  [1m[36mUser Load (0.3ms)[0m  [1m[34mSELECT  "users".* FROM "users" WHERE "users"."id" = ? ORDER BY "users"."id" ASC LIMIT ?[0m  [["id", 1], ["LIMIT", 1]]
Completed 200 OK in 59ms (Views: 56.2ms | ActiveRecord: 0.5ms)


